\BOOKMARK [1][-]{section.1}{Revisi\363n y an\341lisis de fuentes de datos asociados a banda ancha fija}{}% 1
\BOOKMARK [2][-]{subsection.1.1}{Revisi\363n de fuentes de informaci\363n}{section.1}% 2
\BOOKMARK [3][-]{subsubsection.1.1.1}{Identificaci\363n de municipios}{subsection.1.1}% 3
\BOOKMARK [3][-]{subsubsection.1.1.2}{Datos de accesos de banda ancha}{subsection.1.1}% 4
\BOOKMARK [3][-]{subsubsection.1.1.3}{Datos socio-econ\363micos}{subsection.1.1}% 5
\BOOKMARK [3][-]{subsubsection.1.1.4}{Datos asociados a marginaci\363n}{subsection.1.1}% 6
\BOOKMARK [3][-]{subsubsection.1.1.5}{Datos asociados a desarrollo humano}{subsection.1.1}% 7
\BOOKMARK [2][-]{subsection.1.2}{Consideraciones sobre la informaci\363n reunida}{section.1}% 8
\BOOKMARK [2][-]{subsection.1.3}{An\341lisis de informaci\363n}{section.1}% 9
\BOOKMARK [3][-]{subsubsection.1.3.1}{Datos de accesos de servicios de banda ancha fija}{subsection.1.3}% 10
\BOOKMARK [3][-]{subsubsection.1.3.2}{Heterogeneidad de la penetraci\363n en los municipios}{subsection.1.3}% 11
\BOOKMARK [3][-]{subsubsection.1.3.3}{Estratificaci\363n de municipios de acuerdo a su nivel de cobertura BAF}{subsection.1.3}% 12
\BOOKMARK [3][-]{subsubsection.1.3.4}{Distribuci\363n de poblaci\363n y hogares}{subsection.1.3}% 13
\BOOKMARK [3][-]{subsubsection.1.3.5}{Ingreso y penetraci\363n}{subsection.1.3}% 14
\BOOKMARK [3][-]{subsubsection.1.3.6}{Densidad de habitantes y penetraci\363n}{subsection.1.3}% 15
\BOOKMARK [1][-]{section.2}{Metodolog\355a para inferencia de niveles de cobertura de banda ancha fija en municipios}{}% 16
\BOOKMARK [2][-]{subsection.2.1}{Modelos de aprendizaje de m\341quina a considerar}{section.2}% 17
\BOOKMARK [3][-]{subsubsection.2.1.1}{Modelo de regresi\363n}{subsection.2.1}% 18
\BOOKMARK [2][-]{subsection.2.2}{Bosques aleatorios}{section.2}% 19
\BOOKMARK [2][-]{subsection.2.3}{Gradient tree boosting}{section.2}% 20
\BOOKMARK [2][-]{subsection.2.4}{Variables a considerarse en los modelos}{section.2}% 21
\BOOKMARK [2][-]{subsection.2.5}{Procesamiento de los datos}{section.2}% 22
\BOOKMARK [2][-]{subsection.2.6}{Ajuste de los modelos y calibraci\363n de sus hiper-par\341metros}{section.2}% 23
\BOOKMARK [2][-]{subsection.2.7}{An\341lisis de resultados}{section.2}% 24
\BOOKMARK [3][-]{subsubsection.2.7.1}{P1}{subsection.2.7}% 25
\BOOKMARK [3][-]{subsubsection.2.7.2}{P2}{subsection.2.7}% 26
\BOOKMARK [2][-]{subsection.2.8}{Conclusiones}{section.2}% 27
\BOOKMARK [1][-]{section*.7}{Appendices}{}% 28
\BOOKMARK [1][-]{Appendix.1.A}{Repositorio Github}{}% 29
\BOOKMARK [1][-]{Appendix.1.B}{Figuras de an\341lisis exploratorio}{}% 30
\BOOKMARK [1][-]{Appendix.1.C}{Resultados de modelos para P1}{}% 31
\BOOKMARK [1][-]{Appendix.1.D}{Resultados de modelos para P2}{}% 32
